<?xml version="1.0" encoding="UTF-8"?>
<!-- Generated by org.testng.reporters.JUnitReportReporter -->
<testsuite hostname="DESKTOP-L5TSS0V" failures="0" tests="1" name="POM.TC_DWS_008" time="12.056" errors="0" timestamp="2024-08-20T10:30:36 IST" skipped="0">
  <testcase classname="POM.TC_DWS_008" name="toCellPhonePage" time="12.056"/>
  <system-out>
    <![CDATA[Successful open CellPhone Page
Successfully Add to Cart]]>
  </system-out>
</testsuite> <!-- POM.TC_DWS_008 -->
