<?xml version="1.0" encoding="UTF-8"?>
<!-- Generated by org.testng.reporters.JUnitReportReporter -->
<testsuite hostname="DESKTOP-L5TSS0V" failures="0" tests="1" name="AdvanceSelenium.DWS_TC_009" time="22.642" errors="0" timestamp="2024-06-27T22:11:54 IST" skipped="0">
  <testcase classname="AdvanceSelenium.DWS_TC_009" name="toPrivacyNoticePage" time="22.642"/>
  <system-out>
    <![CDATA[Successfully Navigate to PrivacyNoticePage]]>
  </system-out>
</testsuite> <!-- AdvanceSelenium.DWS_TC_009 -->
