<?xml version="1.0" encoding="UTF-8"?>
<!-- Generated by org.testng.reporters.JUnitReportReporter -->
<testsuite hostname="DESKTOP-L5TSS0V" failures="0" tests="1" name="Bikes.ToLunchPulsar" time="50.016" errors="0" timestamp="2024-06-25T11:24:29 IST" skipped="0">
  <testcase classname="Bikes.ToLunchPulsar" name="pulsar" time="50.016"/>
  <system-out>
    <![CDATA[Pulsar got execute]]>
  </system-out>
</testsuite> <!-- Bikes.ToLunchPulsar -->
