<?xml version="1.0" encoding="UTF-8"?>
<!-- Generated by org.testng.reporters.JUnitReportReporter -->
<testsuite hostname="DESKTOP-L5TSS0V" failures="0" tests="1" name="AdvanceSelenium.DWS_TC_012" time="11.392" errors="0" timestamp="2024-06-27T22:11:53 IST" skipped="0">
  <testcase classname="AdvanceSelenium.DWS_TC_012" name="toScarchTextField" time="11.392"/>
  <system-out>
    <![CDATA[successfully Navigate to ScarchTextField]]>
  </system-out>
</testsuite> <!-- AdvanceSelenium.DWS_TC_012 -->
