<?xml version="1.0" encoding="UTF-8"?>
<!-- Generated by org.testng.reporters.JUnitReportReporter -->
<testsuite hostname="DESKTOP-L5TSS0V" failures="0" tests="1" name="Bikes.ToLunchKTM" time="49.939" errors="0" timestamp="2024-06-25T11:24:29 IST" skipped="0">
  <testcase classname="Bikes.ToLunchKTM" name="KTM" time="49.939"/>
  <system-out>
    <![CDATA[KTM got execute]]>
  </system-out>
</testsuite> <!-- Bikes.ToLunchKTM -->
