<?xml version="1.0" encoding="UTF-8"?>
<!-- Generated by org.testng.reporters.JUnitReportReporter -->
<testsuite hostname="DESKTOP-L5TSS0V" failures="0" tests="1" name="POM.TC_DWS_009" time="11.951" errors="0" timestamp="2024-08-20T10:30:36 IST" skipped="0">
  <testcase classname="POM.TC_DWS_009" name="toApparelAndShoes" time="11.951"/>
  <system-out>
    <![CDATA[Successfully Open ApparelAndShoesPage
Product Successfull AddToCart]]>
  </system-out>
</testsuite> <!-- POM.TC_DWS_009 -->
