<?xml version="1.0" encoding="UTF-8"?>
<!-- Generated by org.testng.reporters.JUnitReportReporter -->
<testsuite hostname="DESKTOP-L5TSS0V" failures="0" tests="3" name="AdvanceSelenium.ToLearnDependsonMethod" time="0.018" errors="0" timestamp="2024-06-24T10:00:18 IST" skipped="0">
  <testcase classname="AdvanceSelenium.ToLearnDependsonMethod" name="createAccount" time="0.012"/>
  <system-out>
    <![CDATA[Account Created Successfully]]>
  </system-out>
  <testcase classname="AdvanceSelenium.ToLearnDependsonMethod" name="deleteAccount" time="0.003"/>
  <system-out>
    <![CDATA[Account Deleted Successfully]]>
  </system-out>
  <testcase classname="AdvanceSelenium.ToLearnDependsonMethod" name="editAccount" time="0.003"/>
  <system-out>
    <![CDATA[Account Editd Successfully]]>
  </system-out>
</testsuite> <!-- AdvanceSelenium.ToLearnDependsonMethod -->
