<?xml version="1.0" encoding="UTF-8"?>
<!-- Generated by org.testng.reporters.JUnitReportReporter -->
<testsuite hostname="DESKTOP-L5TSS0V" failures="0" tests="1" name="POM.TC_DWS_015" time="8.977" errors="0" timestamp="2024-08-20T10:30:36 IST" skipped="0">
  <testcase classname="POM.TC_DWS_015" name="toSearchBer" time="8.977"/>
  <system-out>
    <![CDATA[Fail Pass The Data In Search TextField]]>
  </system-out>
</testsuite> <!-- POM.TC_DWS_015 -->
