<?xml version="1.0" encoding="UTF-8"?>
<!-- Generated by org.testng.reporters.JUnitReportReporter -->
<testsuite hostname="DESKTOP-L5TSS0V" failures="0" tests="3" name="AdvanceSelenium.ToLearnDataProvider" time="62.111" errors="0" timestamp="2024-06-27T09:00:14 IST" skipped="0">
  <testcase classname="AdvanceSelenium.ToLearnDataProvider" name="toLogin" time="30.163"/>
  <system-out/>
  <testcase classname="AdvanceSelenium.ToLearnDataProvider" name="toLogin" time="13.660"/>
  <system-out/>
  <testcase classname="AdvanceSelenium.ToLearnDataProvider" name="toLogin" time="18.288"/>
  <system-out/>
</testsuite> <!-- AdvanceSelenium.ToLearnDataProvider -->
