<?xml version="1.0" encoding="UTF-8"?>
<!-- Generated by org.testng.reporters.JUnitReportReporter -->
<testsuite hostname="DESKTOP-L5TSS0V" failures="0" tests="1" name="AdvanceSelenium.DWS_TC_007" time="16.562" errors="0" timestamp="2024-06-27T22:11:54 IST" skipped="0">
  <testcase classname="AdvanceSelenium.DWS_TC_007" name="toCheckWishlistPage" time="16.562"/>
  <system-out>
    <![CDATA[TstCase 007 got executed Successfully]]>
  </system-out>
</testsuite> <!-- AdvanceSelenium.DWS_TC_007 -->
