<?xml version="1.0" encoding="UTF-8"?>
<!-- Generated by org.testng.reporters.JUnitReportReporter -->
<testsuite hostname="DESKTOP-L5TSS0V" failures="0" tests="1" name="POM.TC_DWS_014" time="10.114" errors="0" timestamp="2024-08-20T10:30:36 IST" skipped="0">
  <testcase classname="POM.TC_DWS_014" name="toWishlist" time="10.114"/>
  <system-out>
    <![CDATA[Successfully Display Wishlist Page]]>
  </system-out>
</testsuite> <!-- POM.TC_DWS_014 -->
