<?xml version="1.0" encoding="UTF-8"?>
<!-- Generated by org.testng.reporters.JUnitReportReporter -->
<testsuite hostname="DESKTOP-L5TSS0V" failures="0" tests="1" name="AdvanceSelenium.DWS_TC_015" time="11.100" errors="0" timestamp="2024-06-27T22:11:53 IST" skipped="0">
  <testcase classname="AdvanceSelenium.DWS_TC_015" name="toLogo" time="11.100"/>
  <system-out>
    <![CDATA[Successfully Capture The Logo]]>
  </system-out>
</testsuite> <!-- AdvanceSelenium.DWS_TC_015 -->
