<?xml version="1.0" encoding="UTF-8"?>
<!-- Generated by org.testng.reporters.JUnitReportReporter -->
<testsuite hostname="DESKTOP-L5TSS0V" failures="0" tests="1" name="Bikes.ToLunchRoyalEnfield" time="49.940" errors="0" timestamp="2024-06-25T11:24:28 IST" skipped="0">
  <testcase classname="Bikes.ToLunchRoyalEnfield" name="Royal" time="49.940"/>
  <system-out>
    <![CDATA[RoyalEnfield got execute]]>
  </system-out>
</testsuite> <!-- Bikes.ToLunchRoyalEnfield -->
