<?xml version="1.0" encoding="UTF-8"?>
<!-- Generated by org.testng.reporters.JUnitReportReporter -->
<testsuite hostname="DESKTOP-L5TSS0V" failures="0" tests="5" name="AdvanceSelenium.invocationCountThreadPoolSize" time="384.790" errors="0" timestamp="2024-06-24T09:14:21 IST" skipped="0">
  <testcase classname="AdvanceSelenium.invocationCountThreadPoolSize" name="baskinRobbins" time="99.745"/>
  <system-out>
    <![CDATA[baskinRobbins got execute]]>
  </system-out>
  <testcase classname="AdvanceSelenium.invocationCountThreadPoolSize" name="amazon" time="145.081"/>
  <system-out>
    <![CDATA[amazon got execute]]>
  </system-out>
  <testcase classname="AdvanceSelenium.invocationCountThreadPoolSize" name="baskinRobbins" time="101.296"/>
  <system-out>
    <![CDATA[baskinRobbins got execute]]>
  </system-out>
  <testcase classname="AdvanceSelenium.invocationCountThreadPoolSize" name="cricbuzz" time="20.020"/>
  <system-out>
    <![CDATA[cricbuzz got execute]]>
  </system-out>
  <testcase classname="AdvanceSelenium.invocationCountThreadPoolSize" name="cricbuzz" time="18.648"/>
  <system-out>
    <![CDATA[cricbuzz got execute]]>
  </system-out>
</testsuite> <!-- AdvanceSelenium.invocationCountThreadPoolSize -->
