<?xml version="1.0" encoding="UTF-8"?>
<!-- Generated by org.testng.reporters.JUnitReportReporter -->
<testsuite hostname="DESKTOP-L5TSS0V" failures="0" tests="1" name="AdvanceSelenium.DWS_TC_010" time="12.111" errors="0" timestamp="2024-06-27T22:11:53 IST" skipped="0">
  <testcase classname="AdvanceSelenium.DWS_TC_010" name="toNewsPage" time="12.111"/>
  <system-out>
    <![CDATA[Successfully Navigate to News Page]]>
  </system-out>
</testsuite> <!-- AdvanceSelenium.DWS_TC_010 -->
