<?xml version="1.0" encoding="UTF-8"?>
<!-- Generated by org.testng.reporters.JUnitReportReporter -->
<testsuite hostname="DESKTOP-L5TSS0V" failures="0" tests="1" name="POM.TC_DWS_012" time="17.659" errors="0" timestamp="2024-08-20T10:30:36 IST" skipped="0">
  <testcase classname="POM.TC_DWS_012" name="toGiftCard" time="17.659"/>
  <system-out>
    <![CDATA[Successsfuly Open GiftPage
Product Successfully AddToCart]]>
  </system-out>
</testsuite> <!-- POM.TC_DWS_012 -->
