<?xml version="1.0" encoding="UTF-8"?>
<!-- Generated by org.testng.reporters.JUnitReportReporter -->
<testsuite hostname="DESKTOP-L5TSS0V" failures="0" tests="3" name="AdvanceSelenium.ToLearnTestNg" time="85.337" errors="0" timestamp="2024-06-22T11:13:43 IST" skipped="0">
  <testcase classname="AdvanceSelenium.ToLearnTestNg" name="baskinRobbins" time="15.282"/>
  <system-out>
    <![CDATA[baskinRobbins got execute]]>
  </system-out>
  <testcase classname="AdvanceSelenium.ToLearnTestNg" name="amazon" time="51.651"/>
  <system-out>
    <![CDATA[amazon got execute]]>
  </system-out>
  <testcase classname="AdvanceSelenium.ToLearnTestNg" name="cricbuzz" time="18.404"/>
  <system-out>
    <![CDATA[cricbuzz got execute]]>
  </system-out>
</testsuite> <!-- AdvanceSelenium.ToLearnTestNg -->
