<?xml version="1.0" encoding="UTF-8"?>
<!-- Generated by org.testng.reporters.JUnitReportReporter -->
<testsuite hostname="DESKTOP-L5TSS0V" failures="0" tests="1" name="AdvanceSelenium.DWS_TC_001" time="24.177" errors="0" timestamp="2024-08-16T12:00:57 IST" skipped="0">
  <testcase classname="AdvanceSelenium.DWS_TC_001" name="toCheckBooksPage" time="24.177"/>
  <system-out>
    <![CDATA[TestCase 001 got executed Successfully]]>
  </system-out>
</testsuite> <!-- AdvanceSelenium.DWS_TC_001 -->
