<?xml version="1.0" encoding="UTF-8"?>
<!-- Generated by org.testng.reporters.JUnitReportReporter -->
<testsuite hostname="DESKTOP-L5TSS0V" failures="0" tests="1" name="AdvanceSelenium.DWS_TC_005" time="10.991" errors="0" timestamp="2024-06-27T22:11:53 IST" skipped="0">
  <testcase classname="AdvanceSelenium.DWS_TC_005" name="toCheckTricentissPage" time="10.991"/>
  <system-out>
    <![CDATA[TstCase 008 got executed Successfully]]>
  </system-out>
</testsuite> <!-- AdvanceSelenium.DWS_TC_005 -->
