<?xml version="1.0" encoding="UTF-8"?>
<!-- Generated by org.testng.reporters.JUnitReportReporter -->
<testsuite hostname="DESKTOP-L5TSS0V" failures="0" tests="1" name="Bikes.ToLunchYamaha" time="49.940" errors="0" timestamp="2024-06-25T11:24:29 IST" skipped="0">
  <testcase classname="Bikes.ToLunchYamaha" name="yamaha" time="49.940"/>
  <system-out>
    <![CDATA[Yamaha got executed]]>
  </system-out>
</testsuite> <!-- Bikes.ToLunchYamaha -->
