<?xml version="1.0" encoding="UTF-8"?>
<!-- Generated by org.testng.reporters.JUnitReportReporter -->
<testsuite hostname="DESKTOP-L5TSS0V" failures="0" tests="1" name="POM.TC_DWS_010" time="18.951" errors="0" timestamp="2024-08-20T10:30:36 IST" skipped="0">
  <testcase classname="POM.TC_DWS_010" name="toDigitalPage" time="18.951"/>
  <system-out>
    <![CDATA[Successfully open DigitalPage
Product Successfully AddToCart]]>
  </system-out>
</testsuite> <!-- POM.TC_DWS_010 -->
