<?xml version="1.0" encoding="UTF-8"?>
<!-- Generated by org.testng.reporters.JUnitReportReporter -->
<testsuite hostname="DESKTOP-L5TSS0V" failures="0" tests="1" name="AdvanceSelenium.ConfigurationAnnotations" time="0.012" errors="0" timestamp="2024-06-25T09:39:05 IST" skipped="0">
  <testcase classname="AdvanceSelenium.ConfigurationAnnotations" name="testCase" time="0.012"/>
  <system-out>
    <![CDATA[Tast Case Got Executed]]>
  </system-out>
</testsuite> <!-- AdvanceSelenium.ConfigurationAnnotations -->
